<?xml version="1.0" encoding="UTF-8"?>
<!-- Generated by org.testng.reporters.JUnitReportReporter -->
<testsuite skipped="0" hostname="DESKTOP-E7APALS" name="testScripts.TC_001_LoginValidation" tests="1" failures="0" timestamp="13 jan 2018 17:20:49 GMT" time="1.422" errors="0">
  <testcase name="loginValidation" time="1.422" classname="testScripts.TC_001_LoginValidation"/>
</testsuite> <!-- testScripts.TC_001_LoginValidation -->
